# project  configured on Sat Mar 21 03:41:15 2015 by
# waf 1.7.11 (abi 98, python 20706f0 on linux2)
# using /home/joey/pebble-dev/PebbleSDK-3.0-dp4/Pebble/waf configure build
#
----------------------------------------
Setting top to
/home/joey/workspace/testPebble/Tutorial1
----------------------------------------
Setting out to
/home/joey/workspace/testPebble/Tutorial1/build
----------------------------------------
Found Pebble SDK for basalt in:
/home/joey/pebble-dev/PebbleSDK-3.0-dp4/Pebble/basalt
----------------------------------------
Checking for program gcc,cc
arm-none-eabi-gcc
find program=['gcc', 'cc'] paths='' var='CC' -> 'arm-none-eabi-gcc'
----------------------------------------
Checking for program ar
arm-none-eabi-ar
find program=['ar'] paths='' var='AR' -> 'arm-none-eabi-ar'
----------------------------------------
Found Pebble SDK for aplite in:
/home/joey/pebble-dev/PebbleSDK-3.0-dp4/Pebble/aplite
----------------------------------------
Checking for program gcc,cc
arm-none-eabi-gcc
find program=['gcc', 'cc'] paths='' var='CC' -> 'arm-none-eabi-gcc'
----------------------------------------
Checking for program ar
arm-none-eabi-ar
find program=['ar'] paths='' var='AR' -> 'arm-none-eabi-ar'
